<?xml version="1.0" encoding="UTF-8"?>
<!-- Generated by org.testng.reporters.JUnitXMLReporter -->
<testsuite ignored="0" hostname="DESKTOP-5FP1T4C" failures="0" tests="5" name="Default test" time="15.262" errors="0" timestamp="2024-11-20T16:25:09 IST">
  <testcase classname="org.karkakasadara.tests.previouselog.HeadCurriculum" name="loginAsAco" time="1.866"/>
  <testcase classname="org.karkakasadara.tests.previouselog.HeadCurriculum" name="clickViewHomework" time="0.557"/>
  <testcase classname="org.karkakasadara.tests.previouselog.HeadCurriculum" name="selectFields" time="2.774"/>
  <testcase classname="org.karkakasadara.tests.previouselog.HeadCurriculum" name="selectDate" time="0.593"/>
  <testcase classname="org.karkakasadara.tests.previouselog.HeadCurriculum" name="displayPreviousElogRecords" time="2.127"/>
</testsuite> <!-- Default test -->
