<?xml version="1.0" encoding="UTF-8"?>
<testng-results ignored="0" total="5" passed="5" failed="0" skipped="0">
  <reporter-output>
  </reporter-output>
  <suite started-at="2024-11-20T16:24:54 IST" name="Default suite" finished-at="2024-11-20T16:25:09 IST" duration-ms="15262">
    <groups>
    </groups>
    <test started-at="2024-11-20T16:24:54 IST" name="Default test" finished-at="2024-11-20T16:25:09 IST" duration-ms="15262">
      <class name="org.karkakasadara.tests.previouselog.HeadCurriculum">
        <test-method is-config="true" signature="setUpDriver()[pri:0, instance:org.karkakasadara.tests.previouselog.HeadCurriculum@368247b9]" started-at="2024-11-20T16:24:54 IST" name="setUpDriver" finished-at="2024-11-20T16:25:01 IST" duration-ms="7303" status="PASS">
          <reporter-output>
          </reporter-output>
        </test-method> <!-- setUpDriver -->
        <test-method signature="loginAsAco()[pri:2, instance:org.karkakasadara.tests.previouselog.HeadCurriculum@368247b9]" started-at="2024-11-20T16:25:01 IST" name="loginAsAco" finished-at="2024-11-20T16:25:03 IST" duration-ms="1866" status="PASS">
          <reporter-output>
          </reporter-output>
        </test-method> <!-- loginAsAco -->
        <test-method signature="clickViewHomework()[pri:3, instance:org.karkakasadara.tests.previouselog.HeadCurriculum@368247b9]" started-at="2024-11-20T16:25:03 IST" name="clickViewHomework" finished-at="2024-11-20T16:25:03 IST" duration-ms="557" status="PASS">
          <reporter-output>
          </reporter-output>
        </test-method> <!-- clickViewHomework -->
        <test-method signature="selectFields()[pri:4, instance:org.karkakasadara.tests.previouselog.HeadCurriculum@368247b9]" started-at="2024-11-20T16:25:03 IST" name="selectFields" finished-at="2024-11-20T16:25:06 IST" duration-ms="2774" status="PASS">
          <reporter-output>
          </reporter-output>
        </test-method> <!-- selectFields -->
        <test-method signature="selectDate()[pri:5, instance:org.karkakasadara.tests.previouselog.HeadCurriculum@368247b9]" started-at="2024-11-20T16:25:06 IST" name="selectDate" finished-at="2024-11-20T16:25:07 IST" duration-ms="593" status="PASS">
          <reporter-output>
          </reporter-output>
        </test-method> <!-- selectDate -->
        <test-method signature="displayPreviousElogRecords()[pri:6, instance:org.karkakasadara.tests.previouselog.HeadCurriculum@368247b9]" started-at="2024-11-20T16:25:07 IST" name="displayPreviousElogRecords" finished-at="2024-11-20T16:25:09 IST" duration-ms="2127" status="PASS">
          <reporter-output>
          </reporter-output>
        </test-method> <!-- displayPreviousElogRecords -->
      </class> <!-- org.karkakasadara.tests.previouselog.HeadCurriculum -->
    </test> <!-- Default test -->
  </suite> <!-- Default suite -->
</testng-results>
