<?xml version="1.0" encoding="UTF-8"?>
<testng-results ignored="0" total="5" passed="5" failed="0" skipped="0">
  <reporter-output>
  </reporter-output>
  <suite started-at="2024-11-21T18:33:28 IST" name="Default suite" finished-at="2024-11-21T18:33:50 IST" duration-ms="22222">
    <groups>
    </groups>
    <test started-at="2024-11-21T18:33:28 IST" name="Default test" finished-at="2024-11-21T18:33:50 IST" duration-ms="22222">
      <class name="org.karkakasadara.tests.previouselog.Cscoordinator">
        <test-method is-config="true" signature="setUpDriver()[pri:0, instance:org.karkakasadara.tests.previouselog.Cscoordinator@368247b9]" started-at="2024-11-21T18:33:28 IST" name="setUpDriver" finished-at="2024-11-21T18:33:35 IST" duration-ms="6594" status="PASS">
          <reporter-output>
          </reporter-output>
        </test-method> <!-- setUpDriver -->
        <test-method signature="loginAsAco()[pri:2, instance:org.karkakasadara.tests.previouselog.Cscoordinator@368247b9]" started-at="2024-11-21T18:33:35 IST" name="loginAsAco" finished-at="2024-11-21T18:33:37 IST" duration-ms="2613" status="PASS">
          <reporter-output>
          </reporter-output>
        </test-method> <!-- loginAsAco -->
        <test-method signature="clickViewHomework()[pri:3, instance:org.karkakasadara.tests.previouselog.Cscoordinator@368247b9]" started-at="2024-11-21T18:33:37 IST" name="clickViewHomework" finished-at="2024-11-21T18:33:38 IST" duration-ms="271" status="PASS">
          <reporter-output>
          </reporter-output>
        </test-method> <!-- clickViewHomework -->
        <test-method signature="selectFields()[pri:4, instance:org.karkakasadara.tests.previouselog.Cscoordinator@368247b9]" started-at="2024-11-21T18:33:38 IST" name="selectFields" finished-at="2024-11-21T18:33:39 IST" duration-ms="1795" status="PASS">
          <reporter-output>
          </reporter-output>
        </test-method> <!-- selectFields -->
        <test-method signature="selectDate()[pri:5, instance:org.karkakasadara.tests.previouselog.Cscoordinator@368247b9]" started-at="2024-11-21T18:33:39 IST" name="selectDate" finished-at="2024-11-21T18:33:40 IST" duration-ms="587" status="PASS">
          <reporter-output>
          </reporter-output>
        </test-method> <!-- selectDate -->
        <test-method signature="displayPreviousElogRecords()[pri:6, instance:org.karkakasadara.tests.previouselog.Cscoordinator@368247b9]" started-at="2024-11-21T18:33:40 IST" name="displayPreviousElogRecords" finished-at="2024-11-21T18:33:50 IST" duration-ms="10298" status="PASS">
          <reporter-output>
          </reporter-output>
        </test-method> <!-- displayPreviousElogRecords -->
      </class> <!-- org.karkakasadara.tests.previouselog.Cscoordinator -->
    </test> <!-- Default test -->
  </suite> <!-- Default suite -->
</testng-results>
